2019-04-27 21:47:10.128 [restartedMain] INFO  com.floatCloud.loveCloud.LoveLearnApplication - Starting LoveLearnApplication on DESKTOP-ECN1MFC with PID 9660 (C:\java_Baby_Yun\Idea_GitHub_WorkSpace\lovelearn\loveLearn\target\classes started by BaBy_Float in C:\java_Baby_Yun\Idea_GitHub_WorkSpace\lovelearn\loveLearn)
2019-04-27 21:47:10.128 [restartedMain] INFO  com.floatCloud.loveCloud.LoveLearnApplication - No active profile set, falling back to default profiles: default
2019-04-27 21:47:10.739 [restartedMain] INFO  o.s.d.r.config.RepositoryConfigurationDelegate - Multiple Spring Data modules found, entering strict repository configuration mode!
2019-04-27 21:47:10.740 [restartedMain] INFO  o.s.d.r.config.RepositoryConfigurationDelegate - Bootstrapping Spring Data repositories in DEFAULT mode.
2019-04-27 21:47:10.754 [restartedMain] INFO  o.s.d.r.config.RepositoryConfigurationDelegate - Finished Spring Data repository scanning in 12ms. Found 0 repository interfaces.
2019-04-27 21:47:10.864 [restartedMain] INFO  o.s.c.s.PostProcessorRegistrationDelegate$BeanPostProcessorChecker - Bean 'org.springframework.ws.config.annotation.DelegatingWsConfiguration' of type [org.springframework.ws.config.annotation.DelegatingWsConfiguration$$EnhancerBySpringCGLIB$$6cd14e8e] is not eligible for getting processed by all BeanPostProcessors (for example: not eligible for auto-proxying)
2019-04-27 21:47:10.866 [restartedMain] INFO  o.s.w.s.a.server.AnnotationActionEndpointMapping - Supporting [WS-Addressing August 2004, WS-Addressing 1.0]
2019-04-27 21:47:10.876 [restartedMain] INFO  o.s.c.s.PostProcessorRegistrationDelegate$BeanPostProcessorChecker - Bean 'org.springframework.transaction.annotation.ProxyTransactionManagementConfiguration' of type [org.springframework.transaction.annotation.ProxyTransactionManagementConfiguration$$EnhancerBySpringCGLIB$$c839898f] is not eligible for getting processed by all BeanPostProcessors (for example: not eligible for auto-proxying)
2019-04-27 21:47:11.083 [restartedMain] INFO  o.s.boot.web.embedded.tomcat.TomcatWebServer - Tomcat initialized with port(s): 8080 (http)
2019-04-27 21:47:11.085 [restartedMain] INFO  org.apache.catalina.core.StandardService - Starting service [Tomcat]
2019-04-27 21:47:11.086 [restartedMain] INFO  org.apache.catalina.core.StandardEngine - Starting Servlet engine: [Apache Tomcat/9.0.17]
2019-04-27 21:47:11.137 [restartedMain] INFO  o.a.c.core.ContainerBase.[Tomcat].[localhost].[/] - Initializing Spring embedded WebApplicationContext
2019-04-27 21:47:11.138 [restartedMain] INFO  org.springframework.web.context.ContextLoader - Root WebApplicationContext: initialization completed in 1005 ms
2019-04-27 21:47:11.220 [restartedMain] INFO  c.a.d.s.b.a.DruidDataSourceAutoConfigure - Init DruidDataSource
2019-04-27 21:47:11.319 [restartedMain] INFO  com.alibaba.druid.pool.DruidDataSource - {dataSource-6} inited
2019-04-27 21:47:11.520 [restartedMain] INFO  o.s.scheduling.concurrent.ThreadPoolTaskExecutor - Initializing ExecutorService 'applicationTaskExecutor'
2019-04-27 21:47:11.600 [restartedMain] INFO  o.s.b.a.web.servlet.WelcomePageHandlerMapping - Adding welcome page template: index
2019-04-27 21:47:11.834 [restartedMain] INFO  o.s.b.d.autoconfigure.OptionalLiveReloadServer - LiveReload server is running on port 35729
2019-04-27 21:47:11.887 [restartedMain] INFO  o.s.boot.web.embedded.tomcat.TomcatWebServer - Tomcat started on port(s): 8080 (http) with context path ''
2019-04-27 21:47:11.888 [restartedMain] INFO  com.floatCloud.loveCloud.LoveLearnApplication - Started LoveLearnApplication in 1.847 seconds (JVM running for 467.765)
2019-04-27 21:47:11.890 [restartedMain] INFO  o.s.b.d.a.ConditionEvaluationDeltaLoggingListener - Condition evaluation unchanged
2019-04-27 21:49:00.833 [Thread-64] INFO  o.s.scheduling.concurrent.ThreadPoolTaskExecutor - Shutting down ExecutorService 'applicationTaskExecutor'
2019-04-27 21:49:00.838 [Thread-64] INFO  com.alibaba.druid.pool.DruidDataSource - {dataSource-6} closed
2019-04-27 21:49:01.192 [restartedMain] INFO  com.floatCloud.loveCloud.LoveLearnApplication - Starting LoveLearnApplication on DESKTOP-ECN1MFC with PID 9660 (C:\java_Baby_Yun\Idea_GitHub_WorkSpace\lovelearn\loveLearn\target\classes started by BaBy_Float in C:\java_Baby_Yun\Idea_GitHub_WorkSpace\lovelearn\loveLearn)
2019-04-27 21:49:01.193 [restartedMain] INFO  com.floatCloud.loveCloud.LoveLearnApplication - No active profile set, falling back to default profiles: default
2019-04-27 21:49:01.860 [restartedMain] INFO  o.s.d.r.config.RepositoryConfigurationDelegate - Multiple Spring Data modules found, entering strict repository configuration mode!
2019-04-27 21:49:01.860 [restartedMain] INFO  o.s.d.r.config.RepositoryConfigurationDelegate - Bootstrapping Spring Data repositories in DEFAULT mode.
2019-04-27 21:49:01.875 [restartedMain] INFO  o.s.d.r.config.RepositoryConfigurationDelegate - Finished Spring Data repository scanning in 14ms. Found 0 repository interfaces.
2019-04-27 21:49:02.019 [restartedMain] INFO  o.s.c.s.PostProcessorRegistrationDelegate$BeanPostProcessorChecker - Bean 'org.springframework.ws.config.annotation.DelegatingWsConfiguration' of type [org.springframework.ws.config.annotation.DelegatingWsConfiguration$$EnhancerBySpringCGLIB$$6cd14e8e] is not eligible for getting processed by all BeanPostProcessors (for example: not eligible for auto-proxying)
2019-04-27 21:49:02.023 [restartedMain] INFO  o.s.w.s.a.server.AnnotationActionEndpointMapping - Supporting [WS-Addressing August 2004, WS-Addressing 1.0]
2019-04-27 21:49:02.034 [restartedMain] INFO  o.s.c.s.PostProcessorRegistrationDelegate$BeanPostProcessorChecker - Bean 'org.springframework.transaction.annotation.ProxyTransactionManagementConfiguration' of type [org.springframework.transaction.annotation.ProxyTransactionManagementConfiguration$$EnhancerBySpringCGLIB$$c839898f] is not eligible for getting processed by all BeanPostProcessors (for example: not eligible for auto-proxying)
2019-04-27 21:49:02.271 [restartedMain] INFO  o.s.boot.web.embedded.tomcat.TomcatWebServer - Tomcat initialized with port(s): 8080 (http)
2019-04-27 21:49:02.272 [restartedMain] INFO  org.apache.catalina.core.StandardService - Starting service [Tomcat]
2019-04-27 21:49:02.272 [restartedMain] INFO  org.apache.catalina.core.StandardEngine - Starting Servlet engine: [Apache Tomcat/9.0.17]
2019-04-27 21:49:02.327 [restartedMain] INFO  o.a.c.core.ContainerBase.[Tomcat].[localhost].[/] - Initializing Spring embedded WebApplicationContext
2019-04-27 21:49:02.328 [restartedMain] INFO  org.springframework.web.context.ContextLoader - Root WebApplicationContext: initialization completed in 1130 ms
2019-04-27 21:49:02.429 [restartedMain] INFO  c.a.d.s.b.a.DruidDataSourceAutoConfigure - Init DruidDataSource
2019-04-27 21:49:02.579 [restartedMain] INFO  com.alibaba.druid.pool.DruidDataSource - {dataSource-7} inited
2019-04-27 21:49:02.797 [restartedMain] INFO  o.s.scheduling.concurrent.ThreadPoolTaskExecutor - Initializing ExecutorService 'applicationTaskExecutor'
2019-04-27 21:49:02.862 [restartedMain] INFO  o.s.b.a.web.servlet.WelcomePageHandlerMapping - Adding welcome page template: index
2019-04-27 21:49:03.093 [restartedMain] INFO  o.s.b.d.autoconfigure.OptionalLiveReloadServer - LiveReload server is running on port 35729
2019-04-27 21:49:03.181 [restartedMain] INFO  o.s.boot.web.embedded.tomcat.TomcatWebServer - Tomcat started on port(s): 8080 (http) with context path ''
2019-04-27 21:49:03.182 [restartedMain] INFO  com.floatCloud.loveCloud.LoveLearnApplication - Started LoveLearnApplication in 2.07 seconds (JVM running for 579.058)
2019-04-27 21:49:03.184 [restartedMain] INFO  o.s.b.d.a.ConditionEvaluationDeltaLoggingListener - Condition evaluation unchanged
2019-04-27 21:51:55.218 [Thread-82] INFO  o.s.scheduling.concurrent.ThreadPoolTaskExecutor - Shutting down ExecutorService 'applicationTaskExecutor'
2019-04-27 21:51:55.223 [Thread-82] INFO  com.alibaba.druid.pool.DruidDataSource - {dataSource-7} closed
2019-04-27 21:51:55.584 [restartedMain] INFO  com.floatCloud.loveCloud.LoveLearnApplication - Starting LoveLearnApplication on DESKTOP-ECN1MFC with PID 9660 (C:\java_Baby_Yun\Idea_GitHub_WorkSpace\lovelearn\loveLearn\target\classes started by BaBy_Float in C:\java_Baby_Yun\Idea_GitHub_WorkSpace\lovelearn\loveLearn)
2019-04-27 21:51:55.585 [restartedMain] INFO  com.floatCloud.loveCloud.LoveLearnApplication - No active profile set, falling back to default profiles: default
2019-04-27 21:51:56.363 [restartedMain] INFO  o.s.d.r.config.RepositoryConfigurationDelegate - Multiple Spring Data modules found, entering strict repository configuration mode!
2019-04-27 21:51:56.365 [restartedMain] INFO  o.s.d.r.config.RepositoryConfigurationDelegate - Bootstrapping Spring Data repositories in DEFAULT mode.
2019-04-27 21:51:56.379 [restartedMain] INFO  o.s.d.r.config.RepositoryConfigurationDelegate - Finished Spring Data repository scanning in 13ms. Found 0 repository interfaces.
2019-04-27 21:51:56.512 [restartedMain] INFO  o.s.c.s.PostProcessorRegistrationDelegate$BeanPostProcessorChecker - Bean 'org.springframework.ws.config.annotation.DelegatingWsConfiguration' of type [org.springframework.ws.config.annotation.DelegatingWsConfiguration$$EnhancerBySpringCGLIB$$6cd14e8e] is not eligible for getting processed by all BeanPostProcessors (for example: not eligible for auto-proxying)
2019-04-27 21:51:56.514 [restartedMain] INFO  o.s.w.s.a.server.AnnotationActionEndpointMapping - Supporting [WS-Addressing August 2004, WS-Addressing 1.0]
2019-04-27 21:51:56.523 [restartedMain] INFO  o.s.c.s.PostProcessorRegistrationDelegate$BeanPostProcessorChecker - Bean 'org.springframework.transaction.annotation.ProxyTransactionManagementConfiguration' of type [org.springframework.transaction.annotation.ProxyTransactionManagementConfiguration$$EnhancerBySpringCGLIB$$c839898f] is not eligible for getting processed by all BeanPostProcessors (for example: not eligible for auto-proxying)
2019-04-27 21:51:56.725 [restartedMain] INFO  o.s.boot.web.embedded.tomcat.TomcatWebServer - Tomcat initialized with port(s): 8080 (http)
2019-04-27 21:51:56.727 [restartedMain] INFO  org.apache.catalina.core.StandardService - Starting service [Tomcat]
2019-04-27 21:51:56.727 [restartedMain] INFO  org.apache.catalina.core.StandardEngine - Starting Servlet engine: [Apache Tomcat/9.0.17]
2019-04-27 21:51:56.786 [restartedMain] INFO  o.a.c.core.ContainerBase.[Tomcat].[localhost].[/] - Initializing Spring embedded WebApplicationContext
2019-04-27 21:51:56.786 [restartedMain] INFO  org.springframework.web.context.ContextLoader - Root WebApplicationContext: initialization completed in 1194 ms
2019-04-27 21:51:56.890 [restartedMain] INFO  c.a.d.s.b.a.DruidDataSourceAutoConfigure - Init DruidDataSource
2019-04-27 21:51:57.008 [restartedMain] INFO  com.alibaba.druid.pool.DruidDataSource - {dataSource-8} inited
2019-04-27 21:51:57.236 [restartedMain] INFO  o.s.scheduling.concurrent.ThreadPoolTaskExecutor - Initializing ExecutorService 'applicationTaskExecutor'
2019-04-27 21:51:57.323 [restartedMain] INFO  o.s.b.a.web.servlet.WelcomePageHandlerMapping - Adding welcome page template: index
2019-04-27 21:51:57.660 [restartedMain] INFO  o.s.b.d.autoconfigure.OptionalLiveReloadServer - LiveReload server is running on port 35729
2019-04-27 21:51:57.781 [restartedMain] INFO  o.s.boot.web.embedded.tomcat.TomcatWebServer - Tomcat started on port(s): 8080 (http) with context path ''
2019-04-27 21:51:57.782 [restartedMain] INFO  com.floatCloud.loveCloud.LoveLearnApplication - Started LoveLearnApplication in 2.281 seconds (JVM running for 753.659)
2019-04-27 21:51:57.787 [restartedMain] INFO  o.s.b.d.a.ConditionEvaluationDeltaLoggingListener - Condition evaluation unchanged
2019-04-27 21:51:59.147 [Thread-88] INFO  o.s.scheduling.concurrent.ThreadPoolTaskExecutor - Shutting down ExecutorService 'applicationTaskExecutor'
2019-04-27 21:51:59.154 [Thread-88] INFO  com.alibaba.druid.pool.DruidDataSource - {dataSource-8} closed
2019-04-27 21:51:59.532 [restartedMain] INFO  com.floatCloud.loveCloud.LoveLearnApplication - Starting LoveLearnApplication on DESKTOP-ECN1MFC with PID 9660 (C:\java_Baby_Yun\Idea_GitHub_WorkSpace\lovelearn\loveLearn\target\classes started by BaBy_Float in C:\java_Baby_Yun\Idea_GitHub_WorkSpace\lovelearn\loveLearn)
2019-04-27 21:51:59.533 [restartedMain] INFO  com.floatCloud.loveCloud.LoveLearnApplication - No active profile set, falling back to default profiles: default
2019-04-27 21:52:00.167 [restartedMain] INFO  o.s.d.r.config.RepositoryConfigurationDelegate - Multiple Spring Data modules found, entering strict repository configuration mode!
2019-04-27 21:52:00.167 [restartedMain] INFO  o.s.d.r.config.RepositoryConfigurationDelegate - Bootstrapping Spring Data repositories in DEFAULT mode.
2019-04-27 21:52:00.178 [restartedMain] INFO  o.s.d.r.config.RepositoryConfigurationDelegate - Finished Spring Data repository scanning in 11ms. Found 0 repository interfaces.
2019-04-27 21:52:00.273 [restartedMain] INFO  o.s.c.s.PostProcessorRegistrationDelegate$BeanPostProcessorChecker - Bean 'org.springframework.ws.config.annotation.DelegatingWsConfiguration' of type [org.springframework.ws.config.annotation.DelegatingWsConfiguration$$EnhancerBySpringCGLIB$$6cd14e8e] is not eligible for getting processed by all BeanPostProcessors (for example: not eligible for auto-proxying)
2019-04-27 21:52:00.275 [restartedMain] INFO  o.s.w.s.a.server.AnnotationActionEndpointMapping - Supporting [WS-Addressing August 2004, WS-Addressing 1.0]
2019-04-27 21:52:00.287 [restartedMain] INFO  o.s.c.s.PostProcessorRegistrationDelegate$BeanPostProcessorChecker - Bean 'org.springframework.transaction.annotation.ProxyTransactionManagementConfiguration' of type [org.springframework.transaction.annotation.ProxyTransactionManagementConfiguration$$EnhancerBySpringCGLIB$$c839898f] is not eligible for getting processed by all BeanPostProcessors (for example: not eligible for auto-proxying)
2019-04-27 21:52:00.526 [restartedMain] INFO  o.s.boot.web.embedded.tomcat.TomcatWebServer - Tomcat initialized with port(s): 8080 (http)
2019-04-27 21:52:00.528 [restartedMain] INFO  org.apache.catalina.core.StandardService - Starting service [Tomcat]
2019-04-27 21:52:00.528 [restartedMain] INFO  org.apache.catalina.core.StandardEngine - Starting Servlet engine: [Apache Tomcat/9.0.17]
2019-04-27 21:52:00.576 [restartedMain] INFO  o.a.c.core.ContainerBase.[Tomcat].[localhost].[/] - Initializing Spring embedded WebApplicationContext
2019-04-27 21:52:00.577 [restartedMain] INFO  org.springframework.web.context.ContextLoader - Root WebApplicationContext: initialization completed in 1037 ms
2019-04-27 21:52:00.650 [restartedMain] INFO  c.a.d.s.b.a.DruidDataSourceAutoConfigure - Init DruidDataSource
2019-04-27 21:52:00.768 [restartedMain] INFO  com.alibaba.druid.pool.DruidDataSource - {dataSource-9} inited
2019-04-27 21:52:00.911 [restartedMain] INFO  o.s.scheduling.concurrent.ThreadPoolTaskExecutor - Initializing ExecutorService 'applicationTaskExecutor'
2019-04-27 21:52:00.970 [restartedMain] INFO  o.s.b.a.web.servlet.WelcomePageHandlerMapping - Adding welcome page template: index
2019-04-27 21:52:01.190 [restartedMain] INFO  o.s.b.d.autoconfigure.OptionalLiveReloadServer - LiveReload server is running on port 35729
2019-04-27 21:52:01.245 [restartedMain] INFO  o.s.boot.web.embedded.tomcat.TomcatWebServer - Tomcat started on port(s): 8080 (http) with context path ''
2019-04-27 21:52:01.245 [restartedMain] INFO  com.floatCloud.loveCloud.LoveLearnApplication - Started LoveLearnApplication in 1.798 seconds (JVM running for 757.122)
2019-04-27 21:52:01.247 [restartedMain] INFO  o.s.b.d.a.ConditionEvaluationDeltaLoggingListener - Condition evaluation unchanged
2019-04-27 21:52:03.705 [Thread-94] INFO  o.s.scheduling.concurrent.ThreadPoolTaskExecutor - Shutting down ExecutorService 'applicationTaskExecutor'
2019-04-27 21:52:03.726 [Thread-94] INFO  com.alibaba.druid.pool.DruidDataSource - {dataSource-9} closed
2019-04-27 21:52:04.136 [restartedMain] INFO  com.floatCloud.loveCloud.LoveLearnApplication - Starting LoveLearnApplication on DESKTOP-ECN1MFC with PID 9660 (C:\java_Baby_Yun\Idea_GitHub_WorkSpace\lovelearn\loveLearn\target\classes started by BaBy_Float in C:\java_Baby_Yun\Idea_GitHub_WorkSpace\lovelearn\loveLearn)
2019-04-27 21:52:04.137 [restartedMain] INFO  com.floatCloud.loveCloud.LoveLearnApplication - No active profile set, falling back to default profiles: default
2019-04-27 21:52:04.847 [restartedMain] INFO  o.s.d.r.config.RepositoryConfigurationDelegate - Multiple Spring Data modules found, entering strict repository configuration mode!
2019-04-27 21:52:04.848 [restartedMain] INFO  o.s.d.r.config.RepositoryConfigurationDelegate - Bootstrapping Spring Data repositories in DEFAULT mode.
2019-04-27 21:52:04.860 [restartedMain] INFO  o.s.d.r.config.RepositoryConfigurationDelegate - Finished Spring Data repository scanning in 12ms. Found 0 repository interfaces.
2019-04-27 21:52:04.964 [restartedMain] INFO  o.s.c.s.PostProcessorRegistrationDelegate$BeanPostProcessorChecker - Bean 'org.springframework.ws.config.annotation.DelegatingWsConfiguration' of type [org.springframework.ws.config.annotation.DelegatingWsConfiguration$$EnhancerBySpringCGLIB$$6cd14e8e] is not eligible for getting processed by all BeanPostProcessors (for example: not eligible for auto-proxying)
2019-04-27 21:52:04.968 [restartedMain] INFO  o.s.w.s.a.server.AnnotationActionEndpointMapping - Supporting [WS-Addressing August 2004, WS-Addressing 1.0]
2019-04-27 21:52:04.979 [restartedMain] INFO  o.s.c.s.PostProcessorRegistrationDelegate$BeanPostProcessorChecker - Bean 'org.springframework.transaction.annotation.ProxyTransactionManagementConfiguration' of type [org.springframework.transaction.annotation.ProxyTransactionManagementConfiguration$$EnhancerBySpringCGLIB$$c839898f] is not eligible for getting processed by all BeanPostProcessors (for example: not eligible for auto-proxying)
2019-04-27 21:52:05.174 [restartedMain] INFO  o.s.boot.web.embedded.tomcat.TomcatWebServer - Tomcat initialized with port(s): 8080 (http)
2019-04-27 21:52:05.176 [restartedMain] INFO  org.apache.catalina.core.StandardService - Starting service [Tomcat]
2019-04-27 21:52:05.176 [restartedMain] INFO  org.apache.catalina.core.StandardEngine - Starting Servlet engine: [Apache Tomcat/9.0.17]
2019-04-27 21:52:05.228 [restartedMain] INFO  o.a.c.core.ContainerBase.[Tomcat].[localhost].[/] - Initializing Spring embedded WebApplicationContext
2019-04-27 21:52:05.228 [restartedMain] INFO  org.springframework.web.context.ContextLoader - Root WebApplicationContext: initialization completed in 1083 ms
2019-04-27 21:52:05.302 [restartedMain] INFO  c.a.d.s.b.a.DruidDataSourceAutoConfigure - Init DruidDataSource
2019-04-27 21:52:05.446 [restartedMain] INFO  com.alibaba.druid.pool.DruidDataSource - {dataSource-10} inited
2019-04-27 21:52:05.625 [restartedMain] INFO  o.s.scheduling.concurrent.ThreadPoolTaskExecutor - Initializing ExecutorService 'applicationTaskExecutor'
2019-04-27 21:52:05.706 [restartedMain] INFO  o.s.b.a.web.servlet.WelcomePageHandlerMapping - Adding welcome page template: index
2019-04-27 21:52:05.885 [restartedMain] INFO  o.s.b.d.autoconfigure.OptionalLiveReloadServer - LiveReload server is running on port 35729
2019-04-27 21:52:05.949 [restartedMain] INFO  o.s.boot.web.embedded.tomcat.TomcatWebServer - Tomcat started on port(s): 8080 (http) with context path ''
2019-04-27 21:52:05.950 [restartedMain] INFO  com.floatCloud.loveCloud.LoveLearnApplication - Started LoveLearnApplication in 1.964 seconds (JVM running for 761.827)
2019-04-27 21:52:05.954 [restartedMain] INFO  o.s.b.d.a.ConditionEvaluationDeltaLoggingListener - Condition evaluation unchanged
2019-04-27 21:52:07.405 [Thread-100] INFO  o.s.scheduling.concurrent.ThreadPoolTaskExecutor - Shutting down ExecutorService 'applicationTaskExecutor'
2019-04-27 21:52:07.414 [Thread-100] INFO  com.alibaba.druid.pool.DruidDataSource - {dataSource-10} closed
2019-04-27 21:52:07.790 [restartedMain] INFO  com.floatCloud.loveCloud.LoveLearnApplication - Starting LoveLearnApplication on DESKTOP-ECN1MFC with PID 9660 (C:\java_Baby_Yun\Idea_GitHub_WorkSpace\lovelearn\loveLearn\target\classes started by BaBy_Float in C:\java_Baby_Yun\Idea_GitHub_WorkSpace\lovelearn\loveLearn)
2019-04-27 21:52:07.791 [restartedMain] INFO  com.floatCloud.loveCloud.LoveLearnApplication - No active profile set, falling back to default profiles: default
2019-04-27 21:52:08.457 [restartedMain] INFO  o.s.d.r.config.RepositoryConfigurationDelegate - Multiple Spring Data modules found, entering strict repository configuration mode!
2019-04-27 21:52:08.458 [restartedMain] INFO  o.s.d.r.config.RepositoryConfigurationDelegate - Bootstrapping Spring Data repositories in DEFAULT mode.
2019-04-27 21:52:08.470 [restartedMain] INFO  o.s.d.r.config.RepositoryConfigurationDelegate - Finished Spring Data repository scanning in 12ms. Found 0 repository interfaces.
2019-04-27 21:52:08.586 [restartedMain] INFO  o.s.c.s.PostProcessorRegistrationDelegate$BeanPostProcessorChecker - Bean 'org.springframework.ws.config.annotation.DelegatingWsConfiguration' of type [org.springframework.ws.config.annotation.DelegatingWsConfiguration$$EnhancerBySpringCGLIB$$6cd14e8e] is not eligible for getting processed by all BeanPostProcessors (for example: not eligible for auto-proxying)
2019-04-27 21:52:08.589 [restartedMain] INFO  o.s.w.s.a.server.AnnotationActionEndpointMapping - Supporting [WS-Addressing August 2004, WS-Addressing 1.0]
2019-04-27 21:52:08.603 [restartedMain] INFO  o.s.c.s.PostProcessorRegistrationDelegate$BeanPostProcessorChecker - Bean 'org.springframework.transaction.annotation.ProxyTransactionManagementConfiguration' of type [org.springframework.transaction.annotation.ProxyTransactionManagementConfiguration$$EnhancerBySpringCGLIB$$c839898f] is not eligible for getting processed by all BeanPostProcessors (for example: not eligible for auto-proxying)
2019-04-27 21:52:08.822 [restartedMain] INFO  o.s.boot.web.embedded.tomcat.TomcatWebServer - Tomcat initialized with port(s): 8080 (http)
2019-04-27 21:52:08.824 [restartedMain] INFO  org.apache.catalina.core.StandardService - Starting service [Tomcat]
2019-04-27 21:52:08.824 [restartedMain] INFO  org.apache.catalina.core.StandardEngine - Starting Servlet engine: [Apache Tomcat/9.0.17]
2019-04-27 21:52:08.878 [restartedMain] INFO  o.a.c.core.ContainerBase.[Tomcat].[localhost].[/] - Initializing Spring embedded WebApplicationContext
2019-04-27 21:52:08.878 [restartedMain] INFO  org.springframework.web.context.ContextLoader - Root WebApplicationContext: initialization completed in 1083 ms
2019-04-27 21:52:08.954 [restartedMain] INFO  c.a.d.s.b.a.DruidDataSourceAutoConfigure - Init DruidDataSource
2019-04-27 21:52:09.067 [restartedMain] INFO  com.alibaba.druid.pool.DruidDataSource - {dataSource-11} inited
2019-04-27 21:52:09.222 [restartedMain] INFO  o.s.scheduling.concurrent.ThreadPoolTaskExecutor - Initializing ExecutorService 'applicationTaskExecutor'
2019-04-27 21:52:09.318 [restartedMain] INFO  o.s.b.a.web.servlet.WelcomePageHandlerMapping - Adding welcome page template: index
2019-04-27 21:52:09.556 [restartedMain] INFO  o.s.b.d.autoconfigure.OptionalLiveReloadServer - LiveReload server is running on port 35729
2019-04-27 21:52:09.634 [restartedMain] INFO  o.s.boot.web.embedded.tomcat.TomcatWebServer - Tomcat started on port(s): 8080 (http) with context path ''
2019-04-27 21:52:09.635 [restartedMain] INFO  com.floatCloud.loveCloud.LoveLearnApplication - Started LoveLearnApplication in 1.933 seconds (JVM running for 765.512)
2019-04-27 21:52:09.638 [restartedMain] INFO  o.s.b.d.a.ConditionEvaluationDeltaLoggingListener - Condition evaluation unchanged
2019-04-27 21:52:11.047 [Thread-106] INFO  o.s.scheduling.concurrent.ThreadPoolTaskExecutor - Shutting down ExecutorService 'applicationTaskExecutor'
2019-04-27 21:52:11.052 [Thread-106] INFO  com.alibaba.druid.pool.DruidDataSource - {dataSource-11} closed
2019-04-27 21:52:11.436 [restartedMain] INFO  com.floatCloud.loveCloud.LoveLearnApplication - Starting LoveLearnApplication on DESKTOP-ECN1MFC with PID 9660 (C:\java_Baby_Yun\Idea_GitHub_WorkSpace\lovelearn\loveLearn\target\classes started by BaBy_Float in C:\java_Baby_Yun\Idea_GitHub_WorkSpace\lovelearn\loveLearn)
2019-04-27 21:52:11.437 [restartedMain] INFO  com.floatCloud.loveCloud.LoveLearnApplication - No active profile set, falling back to default profiles: default
2019-04-27 21:52:12.109 [restartedMain] INFO  o.s.d.r.config.RepositoryConfigurationDelegate - Multiple Spring Data modules found, entering strict repository configuration mode!
2019-04-27 21:52:12.110 [restartedMain] INFO  o.s.d.r.config.RepositoryConfigurationDelegate - Bootstrapping Spring Data repositories in DEFAULT mode.
2019-04-27 21:52:12.125 [restartedMain] INFO  o.s.d.r.config.RepositoryConfigurationDelegate - Finished Spring Data repository scanning in 15ms. Found 0 repository interfaces.
2019-04-27 21:52:12.208 [restartedMain] INFO  o.s.c.s.PostProcessorRegistrationDelegate$BeanPostProcessorChecker - Bean 'org.springframework.ws.config.annotation.DelegatingWsConfiguration' of type [org.springframework.ws.config.annotation.DelegatingWsConfiguration$$EnhancerBySpringCGLIB$$6cd14e8e] is not eligible for getting processed by all BeanPostProcessors (for example: not eligible for auto-proxying)
2019-04-27 21:52:12.220 [restartedMain] INFO  o.s.w.s.a.server.AnnotationActionEndpointMapping - Supporting [WS-Addressing August 2004, WS-Addressing 1.0]
2019-04-27 21:52:12.237 [restartedMain] INFO  o.s.c.s.PostProcessorRegistrationDelegate$BeanPostProcessorChecker - Bean 'org.springframework.transaction.annotation.ProxyTransactionManagementConfiguration' of type [org.springframework.transaction.annotation.ProxyTransactionManagementConfiguration$$EnhancerBySpringCGLIB$$c839898f] is not eligible for getting processed by all BeanPostProcessors (for example: not eligible for auto-proxying)
2019-04-27 21:52:12.429 [restartedMain] INFO  o.s.boot.web.embedded.tomcat.TomcatWebServer - Tomcat initialized with port(s): 8080 (http)
2019-04-27 21:52:12.430 [restartedMain] INFO  org.apache.catalina.core.StandardService - Starting service [Tomcat]
2019-04-27 21:52:12.430 [restartedMain] INFO  org.apache.catalina.core.StandardEngine - Starting Servlet engine: [Apache Tomcat/9.0.17]
2019-04-27 21:52:12.479 [restartedMain] INFO  o.a.c.core.ContainerBase.[Tomcat].[localhost].[/] - Initializing Spring embedded WebApplicationContext
2019-04-27 21:52:12.479 [restartedMain] INFO  org.springframework.web.context.ContextLoader - Root WebApplicationContext: initialization completed in 1036 ms
2019-04-27 21:52:12.555 [restartedMain] INFO  c.a.d.s.b.a.DruidDataSourceAutoConfigure - Init DruidDataSource
2019-04-27 21:52:12.685 [restartedMain] INFO  com.alibaba.druid.pool.DruidDataSource - {dataSource-12} inited
2019-04-27 21:52:12.844 [restartedMain] INFO  o.s.scheduling.concurrent.ThreadPoolTaskExecutor - Initializing ExecutorService 'applicationTaskExecutor'
2019-04-27 21:52:12.922 [restartedMain] INFO  o.s.b.a.web.servlet.WelcomePageHandlerMapping - Adding welcome page template: index
2019-04-27 21:52:13.158 [restartedMain] INFO  o.s.b.d.autoconfigure.OptionalLiveReloadServer - LiveReload server is running on port 35729
2019-04-27 21:52:13.226 [restartedMain] INFO  o.s.boot.web.embedded.tomcat.TomcatWebServer - Tomcat started on port(s): 8080 (http) with context path ''
2019-04-27 21:52:13.226 [restartedMain] INFO  com.floatCloud.loveCloud.LoveLearnApplication - Started LoveLearnApplication in 1.867 seconds (JVM running for 769.103)
2019-04-27 21:52:13.229 [restartedMain] INFO  o.s.b.d.a.ConditionEvaluationDeltaLoggingListener - Condition evaluation unchanged
2019-04-27 21:52:14.642 [Thread-112] INFO  o.s.scheduling.concurrent.ThreadPoolTaskExecutor - Shutting down ExecutorService 'applicationTaskExecutor'
2019-04-27 21:52:14.648 [Thread-112] INFO  com.alibaba.druid.pool.DruidDataSource - {dataSource-12} closed
2019-04-27 21:52:14.997 [restartedMain] INFO  com.floatCloud.loveCloud.LoveLearnApplication - Starting LoveLearnApplication on DESKTOP-ECN1MFC with PID 9660 (C:\java_Baby_Yun\Idea_GitHub_WorkSpace\lovelearn\loveLearn\target\classes started by BaBy_Float in C:\java_Baby_Yun\Idea_GitHub_WorkSpace\lovelearn\loveLearn)
2019-04-27 21:52:14.997 [restartedMain] INFO  com.floatCloud.loveCloud.LoveLearnApplication - No active profile set, falling back to default profiles: default
2019-04-27 21:52:15.629 [restartedMain] INFO  o.s.d.r.config.RepositoryConfigurationDelegate - Multiple Spring Data modules found, entering strict repository configuration mode!
2019-04-27 21:52:15.629 [restartedMain] INFO  o.s.d.r.config.RepositoryConfigurationDelegate - Bootstrapping Spring Data repositories in DEFAULT mode.
2019-04-27 21:52:15.647 [restartedMain] INFO  o.s.d.r.config.RepositoryConfigurationDelegate - Finished Spring Data repository scanning in 18ms. Found 0 repository interfaces.
2019-04-27 21:52:15.773 [restartedMain] INFO  o.s.c.s.PostProcessorRegistrationDelegate$BeanPostProcessorChecker - Bean 'org.springframework.ws.config.annotation.DelegatingWsConfiguration' of type [org.springframework.ws.config.annotation.DelegatingWsConfiguration$$EnhancerBySpringCGLIB$$6cd14e8e] is not eligible for getting processed by all BeanPostProcessors (for example: not eligible for auto-proxying)
2019-04-27 21:52:15.789 [restartedMain] INFO  o.s.w.s.a.server.AnnotationActionEndpointMapping - Supporting [WS-Addressing August 2004, WS-Addressing 1.0]
2019-04-27 21:52:15.804 [restartedMain] INFO  o.s.c.s.PostProcessorRegistrationDelegate$BeanPostProcessorChecker - Bean 'org.springframework.transaction.annotation.ProxyTransactionManagementConfiguration' of type [org.springframework.transaction.annotation.ProxyTransactionManagementConfiguration$$EnhancerBySpringCGLIB$$c839898f] is not eligible for getting processed by all BeanPostProcessors (for example: not eligible for auto-proxying)
2019-04-27 21:52:16.037 [restartedMain] INFO  o.s.boot.web.embedded.tomcat.TomcatWebServer - Tomcat initialized with port(s): 8080 (http)
2019-04-27 21:52:16.038 [restartedMain] INFO  org.apache.catalina.core.StandardService - Starting service [Tomcat]
2019-04-27 21:52:16.039 [restartedMain] INFO  org.apache.catalina.core.StandardEngine - Starting Servlet engine: [Apache Tomcat/9.0.17]
2019-04-27 21:52:16.090 [restartedMain] INFO  o.a.c.core.ContainerBase.[Tomcat].[localhost].[/] - Initializing Spring embedded WebApplicationContext
2019-04-27 21:52:16.091 [restartedMain] INFO  org.springframework.web.context.ContextLoader - Root WebApplicationContext: initialization completed in 1089 ms
2019-04-27 21:52:16.152 [restartedMain] INFO  c.a.d.s.b.a.DruidDataSourceAutoConfigure - Init DruidDataSource
2019-04-27 21:52:16.305 [restartedMain] INFO  com.alibaba.druid.pool.DruidDataSource - {dataSource-13} inited
2019-04-27 21:52:16.483 [restartedMain] INFO  o.s.scheduling.concurrent.ThreadPoolTaskExecutor - Initializing ExecutorService 'applicationTaskExecutor'
2019-04-27 21:52:16.564 [restartedMain] INFO  o.s.b.a.web.servlet.WelcomePageHandlerMapping - Adding welcome page template: index
2019-04-27 21:52:16.784 [restartedMain] INFO  o.s.b.d.autoconfigure.OptionalLiveReloadServer - LiveReload server is running on port 35729
2019-04-27 21:52:16.831 [restartedMain] INFO  o.s.boot.web.embedded.tomcat.TomcatWebServer - Tomcat started on port(s): 8080 (http) with context path ''
2019-04-27 21:52:16.832 [restartedMain] INFO  com.floatCloud.loveCloud.LoveLearnApplication - Started LoveLearnApplication in 1.896 seconds (JVM running for 772.709)
2019-04-27 21:52:16.836 [restartedMain] INFO  o.s.b.d.a.ConditionEvaluationDeltaLoggingListener - Condition evaluation unchanged
2019-04-27 21:52:24.185 [restartedMain] INFO  com.floatCloud.loveCloud.LoveLearnApplication - Starting LoveLearnApplication on DESKTOP-ECN1MFC with PID 7920 (C:\java_Baby_Yun\Idea_GitHub_WorkSpace\lovelearn\loveLearn\target\classes started by BaBy_Float in C:\java_Baby_Yun\Idea_GitHub_WorkSpace\lovelearn\loveLearn)
2019-04-27 21:52:24.190 [restartedMain] INFO  com.floatCloud.loveCloud.LoveLearnApplication - No active profile set, falling back to default profiles: default
2019-04-27 21:52:24.325 [restartedMain] INFO  o.s.b.d.env.DevToolsPropertyDefaultsPostProcessor - Devtools property defaults active! Set 'spring.devtools.add-properties' to 'false' to disable
2019-04-27 21:52:24.326 [restartedMain] INFO  o.s.b.d.env.DevToolsPropertyDefaultsPostProcessor - For additional web related logging consider setting the 'logging.level.web' property to 'DEBUG'
2019-04-27 21:52:26.051 [restartedMain] INFO  o.s.d.r.config.RepositoryConfigurationDelegate - Multiple Spring Data modules found, entering strict repository configuration mode!
2019-04-27 21:52:26.056 [restartedMain] INFO  o.s.d.r.config.RepositoryConfigurationDelegate - Bootstrapping Spring Data repositories in DEFAULT mode.
2019-04-27 21:52:26.122 [restartedMain] INFO  o.s.d.r.config.RepositoryConfigurationDelegate - Finished Spring Data repository scanning in 34ms. Found 0 repository interfaces.
2019-04-27 21:52:26.900 [restartedMain] INFO  o.s.c.s.PostProcessorRegistrationDelegate$BeanPostProcessorChecker - Bean 'org.springframework.ws.config.annotation.DelegatingWsConfiguration' of type [org.springframework.ws.config.annotation.DelegatingWsConfiguration$$EnhancerBySpringCGLIB$$656aac0f] is not eligible for getting processed by all BeanPostProcessors (for example: not eligible for auto-proxying)
2019-04-27 21:52:26.974 [restartedMain] INFO  o.s.w.s.a.server.AnnotationActionEndpointMapping - Supporting [WS-Addressing August 2004, WS-Addressing 1.0]
2019-04-27 21:52:27.038 [restartedMain] INFO  o.s.c.s.PostProcessorRegistrationDelegate$BeanPostProcessorChecker - Bean 'org.springframework.transaction.annotation.ProxyTransactionManagementConfiguration' of type [org.springframework.transaction.annotation.ProxyTransactionManagementConfiguration$$EnhancerBySpringCGLIB$$c0d2e710] is not eligible for getting processed by all BeanPostProcessors (for example: not eligible for auto-proxying)
2019-04-27 21:52:27.878 [restartedMain] INFO  o.s.boot.web.embedded.tomcat.TomcatWebServer - Tomcat initialized with port(s): 8080 (http)
2019-04-27 21:52:27.901 [restartedMain] INFO  org.apache.coyote.http11.Http11NioProtocol - Initializing ProtocolHandler ["http-nio-8080"]
2019-04-27 21:52:27.920 [restartedMain] INFO  org.apache.catalina.core.StandardService - Starting service [Tomcat]
2019-04-27 21:52:27.921 [restartedMain] INFO  org.apache.catalina.core.StandardEngine - Starting Servlet engine: [Apache Tomcat/9.0.17]
2019-04-27 21:52:28.166 [restartedMain] INFO  o.a.c.core.ContainerBase.[Tomcat].[localhost].[/] - Initializing Spring embedded WebApplicationContext
2019-04-27 21:52:28.167 [restartedMain] INFO  org.springframework.web.context.ContextLoader - Root WebApplicationContext: initialization completed in 3840 ms
2019-04-27 21:52:28.479 [restartedMain] INFO  c.a.d.s.b.a.DruidDataSourceAutoConfigure - Init DruidDataSource
2019-04-27 21:52:28.997 [restartedMain] INFO  com.alibaba.druid.pool.DruidDataSource - {dataSource-1} inited
2019-04-27 21:52:29.415 [restartedMain] INFO  o.s.scheduling.concurrent.ThreadPoolTaskExecutor - Initializing ExecutorService 'applicationTaskExecutor'
2019-04-27 21:52:29.718 [restartedMain] INFO  o.s.b.a.web.servlet.WelcomePageHandlerMapping - Adding welcome page template: index
2019-04-27 21:52:30.743 [restartedMain] INFO  o.s.b.d.autoconfigure.OptionalLiveReloadServer - LiveReload server is running on port 35729
2019-04-27 21:52:30.891 [restartedMain] INFO  org.apache.coyote.http11.Http11NioProtocol - Starting ProtocolHandler ["http-nio-8080"]
2019-04-27 21:52:30.928 [restartedMain] INFO  o.s.boot.web.embedded.tomcat.TomcatWebServer - Tomcat started on port(s): 8080 (http) with context path ''
2019-04-27 21:52:30.934 [restartedMain] INFO  com.floatCloud.loveCloud.LoveLearnApplication - Started LoveLearnApplication in 7.817 seconds (JVM running for 9.255)
2019-04-27 21:58:11.069 [restartedMain] INFO  com.floatCloud.loveCloud.LoveLearnApplication - Starting LoveLearnApplication on DESKTOP-ECN1MFC with PID 1248 (C:\java_Baby_Yun\Idea_GitHub_WorkSpace\lovelearn\loveLearn\target\classes started by BaBy_Float in C:\java_Baby_Yun\Idea_GitHub_WorkSpace\lovelearn\loveLearn)
2019-04-27 21:58:11.083 [restartedMain] INFO  com.floatCloud.loveCloud.LoveLearnApplication - No active profile set, falling back to default profiles: default
2019-04-27 21:58:11.193 [restartedMain] INFO  o.s.b.d.env.DevToolsPropertyDefaultsPostProcessor - Devtools property defaults active! Set 'spring.devtools.add-properties' to 'false' to disable
2019-04-27 21:58:11.194 [restartedMain] INFO  o.s.b.d.env.DevToolsPropertyDefaultsPostProcessor - For additional web related logging consider setting the 'logging.level.web' property to 'DEBUG'
2019-04-27 21:58:12.571 [restartedMain] INFO  o.s.d.r.config.RepositoryConfigurationDelegate - Multiple Spring Data modules found, entering strict repository configuration mode!
2019-04-27 21:58:12.576 [restartedMain] INFO  o.s.d.r.config.RepositoryConfigurationDelegate - Bootstrapping Spring Data repositories in DEFAULT mode.
2019-04-27 21:58:12.635 [restartedMain] INFO  o.s.d.r.config.RepositoryConfigurationDelegate - Finished Spring Data repository scanning in 30ms. Found 0 repository interfaces.
2019-04-27 21:58:13.307 [restartedMain] INFO  o.s.c.s.PostProcessorRegistrationDelegate$BeanPostProcessorChecker - Bean 'org.springframework.ws.config.annotation.DelegatingWsConfiguration' of type [org.springframework.ws.config.annotation.DelegatingWsConfiguration$$EnhancerBySpringCGLIB$$94130619] is not eligible for getting processed by all BeanPostProcessors (for example: not eligible for auto-proxying)
2019-04-27 21:58:13.366 [restartedMain] INFO  o.s.w.s.a.server.AnnotationActionEndpointMapping - Supporting [WS-Addressing August 2004, WS-Addressing 1.0]
2019-04-27 21:58:13.413 [restartedMain] INFO  o.s.c.s.PostProcessorRegistrationDelegate$BeanPostProcessorChecker - Bean 'org.springframework.transaction.annotation.ProxyTransactionManagementConfiguration' of type [org.springframework.transaction.annotation.ProxyTransactionManagementConfiguration$$EnhancerBySpringCGLIB$$ef7b411a] is not eligible for getting processed by all BeanPostProcessors (for example: not eligible for auto-proxying)
2019-04-27 21:58:14.093 [restartedMain] INFO  o.s.boot.web.embedded.tomcat.TomcatWebServer - Tomcat initialized with port(s): 8080 (http)
2019-04-27 21:58:14.113 [restartedMain] INFO  org.apache.coyote.http11.Http11NioProtocol - Initializing ProtocolHandler ["http-nio-8080"]
2019-04-27 21:58:14.126 [restartedMain] INFO  org.apache.catalina.core.StandardService - Starting service [Tomcat]
2019-04-27 21:58:14.127 [restartedMain] INFO  org.apache.catalina.core.StandardEngine - Starting Servlet engine: [Apache Tomcat/9.0.17]
2019-04-27 21:58:14.338 [restartedMain] INFO  o.a.c.core.ContainerBase.[Tomcat].[localhost].[/] - Initializing Spring embedded WebApplicationContext
2019-04-27 21:58:14.338 [restartedMain] INFO  org.springframework.web.context.ContextLoader - Root WebApplicationContext: initialization completed in 3144 ms
2019-04-27 21:58:14.674 [restartedMain] INFO  c.a.d.s.b.a.DruidDataSourceAutoConfigure - Init DruidDataSource
2019-04-27 21:58:15.157 [restartedMain] INFO  com.alibaba.druid.pool.DruidDataSource - {dataSource-1} inited
2019-04-27 21:58:15.572 [restartedMain] INFO  o.s.scheduling.concurrent.ThreadPoolTaskExecutor - Initializing ExecutorService 'applicationTaskExecutor'
2019-04-27 21:58:15.783 [restartedMain] INFO  o.s.b.a.web.servlet.WelcomePageHandlerMapping - Adding welcome page template: index
2019-04-27 21:58:16.760 [restartedMain] INFO  o.s.b.d.autoconfigure.OptionalLiveReloadServer - LiveReload server is running on port 35729
2019-04-27 21:58:16.914 [restartedMain] INFO  org.apache.coyote.http11.Http11NioProtocol - Starting ProtocolHandler ["http-nio-8080"]
2019-04-27 21:58:16.954 [restartedMain] INFO  o.s.boot.web.embedded.tomcat.TomcatWebServer - Tomcat started on port(s): 8080 (http) with context path ''
2019-04-27 21:58:16.959 [restartedMain] INFO  com.floatCloud.loveCloud.LoveLearnApplication - Started LoveLearnApplication in 6.883 seconds (JVM running for 8.22)
2019-04-27 22:01:54.324 [Thread-20] INFO  o.s.scheduling.concurrent.ThreadPoolTaskExecutor - Shutting down ExecutorService 'applicationTaskExecutor'
2019-04-27 22:01:54.332 [Thread-20] INFO  com.alibaba.druid.pool.DruidDataSource - {dataSource-1} closed
2019-04-27 22:01:54.684 [restartedMain] INFO  com.floatCloud.loveCloud.LoveLearnApplication - Starting LoveLearnApplication on DESKTOP-ECN1MFC with PID 1248 (C:\java_Baby_Yun\Idea_GitHub_WorkSpace\lovelearn\loveLearn\target\classes started by BaBy_Float in C:\java_Baby_Yun\Idea_GitHub_WorkSpace\lovelearn\loveLearn)
2019-04-27 22:01:54.684 [restartedMain] INFO  com.floatCloud.loveCloud.LoveLearnApplication - No active profile set, falling back to default profiles: default
2019-04-27 22:01:55.313 [restartedMain] INFO  o.s.d.r.config.RepositoryConfigurationDelegate - Multiple Spring Data modules found, entering strict repository configuration mode!
2019-04-27 22:01:55.313 [restartedMain] INFO  o.s.d.r.config.RepositoryConfigurationDelegate - Bootstrapping Spring Data repositories in DEFAULT mode.
2019-04-27 22:01:55.325 [restartedMain] INFO  o.s.d.r.config.RepositoryConfigurationDelegate - Finished Spring Data repository scanning in 11ms. Found 0 repository interfaces.
2019-04-27 22:01:55.444 [restartedMain] INFO  o.s.c.s.PostProcessorRegistrationDelegate$BeanPostProcessorChecker - Bean 'org.springframework.ws.config.annotation.DelegatingWsConfiguration' of type [org.springframework.ws.config.annotation.DelegatingWsConfiguration$$EnhancerBySpringCGLIB$$94130619] is not eligible for getting processed by all BeanPostProcessors (for example: not eligible for auto-proxying)
2019-04-27 22:01:55.446 [restartedMain] INFO  o.s.w.s.a.server.AnnotationActionEndpointMapping - Supporting [WS-Addressing August 2004, WS-Addressing 1.0]
2019-04-27 22:01:55.456 [restartedMain] INFO  o.s.c.s.PostProcessorRegistrationDelegate$BeanPostProcessorChecker - Bean 'org.springframework.transaction.annotation.ProxyTransactionManagementConfiguration' of type [org.springframework.transaction.annotation.ProxyTransactionManagementConfiguration$$EnhancerBySpringCGLIB$$ef7b411a] is not eligible for getting processed by all BeanPostProcessors (for example: not eligible for auto-proxying)
2019-04-27 22:01:55.669 [restartedMain] INFO  o.s.boot.web.embedded.tomcat.TomcatWebServer - Tomcat initialized with port(s): 8080 (http)
2019-04-27 22:01:55.671 [restartedMain] INFO  org.apache.coyote.http11.Http11NioProtocol - Initializing ProtocolHandler ["http-nio-8080"]
2019-04-27 22:01:55.672 [restartedMain] INFO  org.apache.catalina.core.StandardService - Starting service [Tomcat]
2019-04-27 22:01:55.672 [restartedMain] INFO  org.apache.catalina.core.StandardEngine - Starting Servlet engine: [Apache Tomcat/9.0.17]
2019-04-27 22:01:55.723 [restartedMain] INFO  o.a.c.core.ContainerBase.[Tomcat].[localhost].[/] - Initializing Spring embedded WebApplicationContext
2019-04-27 22:01:55.723 [restartedMain] INFO  org.springframework.web.context.ContextLoader - Root WebApplicationContext: initialization completed in 1034 ms
2019-04-27 22:01:55.809 [restartedMain] INFO  c.a.d.s.b.a.DruidDataSourceAutoConfigure - Init DruidDataSource
2019-04-27 22:01:55.925 [restartedMain] INFO  com.alibaba.druid.pool.DruidDataSource - {dataSource-2} inited
2019-04-27 22:01:56.100 [restartedMain] INFO  o.s.scheduling.concurrent.ThreadPoolTaskExecutor - Initializing ExecutorService 'applicationTaskExecutor'
2019-04-27 22:01:56.186 [restartedMain] INFO  o.s.b.a.web.servlet.WelcomePageHandlerMapping - Adding welcome page template: index
2019-04-27 22:01:56.428 [restartedMain] INFO  o.s.b.d.autoconfigure.OptionalLiveReloadServer - LiveReload server is running on port 35729
2019-04-27 22:01:56.480 [restartedMain] INFO  org.apache.coyote.http11.Http11NioProtocol - Starting ProtocolHandler ["http-nio-8080"]
2019-04-27 22:01:56.492 [restartedMain] INFO  o.s.boot.web.embedded.tomcat.TomcatWebServer - Tomcat started on port(s): 8080 (http) with context path ''
2019-04-27 22:01:56.493 [restartedMain] INFO  com.floatCloud.loveCloud.LoveLearnApplication - Started LoveLearnApplication in 1.908 seconds (JVM running for 227.754)
2019-04-27 22:01:56.497 [restartedMain] INFO  o.s.b.d.a.ConditionEvaluationDeltaLoggingListener - Condition evaluation unchanged
2019-04-27 22:02:06.290 [Thread-28] INFO  o.s.scheduling.concurrent.ThreadPoolTaskExecutor - Shutting down ExecutorService 'applicationTaskExecutor'
2019-04-27 22:02:06.298 [Thread-28] INFO  com.alibaba.druid.pool.DruidDataSource - {dataSource-2} closed
2019-04-27 22:02:06.671 [restartedMain] INFO  com.floatCloud.loveCloud.LoveLearnApplication - Starting LoveLearnApplication on DESKTOP-ECN1MFC with PID 1248 (C:\java_Baby_Yun\Idea_GitHub_WorkSpace\lovelearn\loveLearn\target\classes started by BaBy_Float in C:\java_Baby_Yun\Idea_GitHub_WorkSpace\lovelearn\loveLearn)
2019-04-27 22:02:06.672 [restartedMain] INFO  com.floatCloud.loveCloud.LoveLearnApplication - No active profile set, falling back to default profiles: default
2019-04-27 22:02:07.265 [restartedMain] INFO  o.s.d.r.config.RepositoryConfigurationDelegate - Multiple Spring Data modules found, entering strict repository configuration mode!
2019-04-27 22:02:07.265 [restartedMain] INFO  o.s.d.r.config.RepositoryConfigurationDelegate - Bootstrapping Spring Data repositories in DEFAULT mode.
2019-04-27 22:02:07.280 [restartedMain] INFO  o.s.d.r.config.RepositoryConfigurationDelegate - Finished Spring Data repository scanning in 14ms. Found 0 repository interfaces.
2019-04-27 22:02:07.405 [restartedMain] INFO  o.s.c.s.PostProcessorRegistrationDelegate$BeanPostProcessorChecker - Bean 'org.springframework.ws.config.annotation.DelegatingWsConfiguration' of type [org.springframework.ws.config.annotation.DelegatingWsConfiguration$$EnhancerBySpringCGLIB$$94130619] is not eligible for getting processed by all BeanPostProcessors (for example: not eligible for auto-proxying)
2019-04-27 22:02:07.408 [restartedMain] INFO  o.s.w.s.a.server.AnnotationActionEndpointMapping - Supporting [WS-Addressing August 2004, WS-Addressing 1.0]
2019-04-27 22:02:07.418 [restartedMain] INFO  o.s.c.s.PostProcessorRegistrationDelegate$BeanPostProcessorChecker - Bean 'org.springframework.transaction.annotation.ProxyTransactionManagementConfiguration' of type [org.springframework.transaction.annotation.ProxyTransactionManagementConfiguration$$EnhancerBySpringCGLIB$$ef7b411a] is not eligible for getting processed by all BeanPostProcessors (for example: not eligible for auto-proxying)
2019-04-27 22:02:07.612 [restartedMain] INFO  o.s.boot.web.embedded.tomcat.TomcatWebServer - Tomcat initialized with port(s): 8080 (http)
2019-04-27 22:02:07.614 [restartedMain] INFO  org.apache.coyote.http11.Http11NioProtocol - Initializing ProtocolHandler ["http-nio-8080"]
2019-04-27 22:02:07.615 [restartedMain] INFO  org.apache.catalina.core.StandardService - Starting service [Tomcat]
2019-04-27 22:02:07.615 [restartedMain] INFO  org.apache.catalina.core.StandardEngine - Starting Servlet engine: [Apache Tomcat/9.0.17]
2019-04-27 22:02:07.667 [restartedMain] INFO  o.a.c.core.ContainerBase.[Tomcat].[localhost].[/] - Initializing Spring embedded WebApplicationContext
2019-04-27 22:02:07.668 [restartedMain] INFO  org.springframework.web.context.ContextLoader - Root WebApplicationContext: initialization completed in 990 ms
2019-04-27 22:02:07.746 [restartedMain] INFO  c.a.d.s.b.a.DruidDataSourceAutoConfigure - Init DruidDataSource
2019-04-27 22:02:07.861 [restartedMain] INFO  com.alibaba.druid.pool.DruidDataSource - {dataSource-3} inited
2019-04-27 22:02:08.033 [restartedMain] INFO  o.s.scheduling.concurrent.ThreadPoolTaskExecutor - Initializing ExecutorService 'applicationTaskExecutor'
2019-04-27 22:02:08.102 [restartedMain] INFO  o.s.b.a.web.servlet.WelcomePageHandlerMapping - Adding welcome page template: index
2019-04-27 22:02:08.374 [restartedMain] INFO  o.s.b.d.autoconfigure.OptionalLiveReloadServer - LiveReload server is running on port 35729
2019-04-27 22:02:08.469 [restartedMain] INFO  org.apache.coyote.http11.Http11NioProtocol - Starting ProtocolHandler ["http-nio-8080"]
2019-04-27 22:02:08.482 [restartedMain] INFO  o.s.boot.web.embedded.tomcat.TomcatWebServer - Tomcat started on port(s): 8080 (http) with context path ''
2019-04-27 22:02:08.483 [restartedMain] INFO  com.floatCloud.loveCloud.LoveLearnApplication - Started LoveLearnApplication in 1.89 seconds (JVM running for 239.744)
2019-04-27 22:02:08.486 [restartedMain] INFO  o.s.b.d.a.ConditionEvaluationDeltaLoggingListener - Condition evaluation unchanged
2019-04-27 22:02:13.982 [Thread-34] INFO  o.s.scheduling.concurrent.ThreadPoolTaskExecutor - Shutting down ExecutorService 'applicationTaskExecutor'
2019-04-27 22:02:13.985 [Thread-34] INFO  com.alibaba.druid.pool.DruidDataSource - {dataSource-3} closed
2019-04-27 22:02:14.307 [restartedMain] INFO  com.floatCloud.loveCloud.LoveLearnApplication - Starting LoveLearnApplication on DESKTOP-ECN1MFC with PID 1248 (C:\java_Baby_Yun\Idea_GitHub_WorkSpace\lovelearn\loveLearn\target\classes started by BaBy_Float in C:\java_Baby_Yun\Idea_GitHub_WorkSpace\lovelearn\loveLearn)
2019-04-27 22:02:14.308 [restartedMain] INFO  com.floatCloud.loveCloud.LoveLearnApplication - No active profile set, falling back to default profiles: default
2019-04-27 22:02:14.849 [restartedMain] INFO  o.s.d.r.config.RepositoryConfigurationDelegate - Multiple Spring Data modules found, entering strict repository configuration mode!
2019-04-27 22:02:14.849 [restartedMain] INFO  o.s.d.r.config.RepositoryConfigurationDelegate - Bootstrapping Spring Data repositories in DEFAULT mode.
2019-04-27 22:02:14.863 [restartedMain] INFO  o.s.d.r.config.RepositoryConfigurationDelegate - Finished Spring Data repository scanning in 13ms. Found 0 repository interfaces.
2019-04-27 22:02:14.984 [restartedMain] INFO  o.s.c.s.PostProcessorRegistrationDelegate$BeanPostProcessorChecker - Bean 'org.springframework.ws.config.annotation.DelegatingWsConfiguration' of type [org.springframework.ws.config.annotation.DelegatingWsConfiguration$$EnhancerBySpringCGLIB$$94130619] is not eligible for getting processed by all BeanPostProcessors (for example: not eligible for auto-proxying)
2019-04-27 22:02:14.986 [restartedMain] INFO  o.s.w.s.a.server.AnnotationActionEndpointMapping - Supporting [WS-Addressing August 2004, WS-Addressing 1.0]
2019-04-27 22:02:14.995 [restartedMain] INFO  o.s.c.s.PostProcessorRegistrationDelegate$BeanPostProcessorChecker - Bean 'org.springframework.transaction.annotation.ProxyTransactionManagementConfiguration' of type [org.springframework.transaction.annotation.ProxyTransactionManagementConfiguration$$EnhancerBySpringCGLIB$$ef7b411a] is not eligible for getting processed by all BeanPostProcessors (for example: not eligible for auto-proxying)
2019-04-27 22:02:15.188 [restartedMain] INFO  o.s.boot.web.embedded.tomcat.TomcatWebServer - Tomcat initialized with port(s): 8080 (http)
2019-04-27 22:02:15.190 [restartedMain] INFO  org.apache.coyote.http11.Http11NioProtocol - Initializing ProtocolHandler ["http-nio-8080"]
2019-04-27 22:02:15.191 [restartedMain] INFO  org.apache.catalina.core.StandardService - Starting service [Tomcat]
2019-04-27 22:02:15.191 [restartedMain] INFO  org.apache.catalina.core.StandardEngine - Starting Servlet engine: [Apache Tomcat/9.0.17]
2019-04-27 22:02:15.240 [restartedMain] INFO  o.a.c.core.ContainerBase.[Tomcat].[localhost].[/] - Initializing Spring embedded WebApplicationContext
2019-04-27 22:02:15.240 [restartedMain] INFO  org.springframework.web.context.ContextLoader - Root WebApplicationContext: initialization completed in 928 ms
2019-04-27 22:02:15.318 [restartedMain] INFO  c.a.d.s.b.a.DruidDataSourceAutoConfigure - Init DruidDataSource
2019-04-27 22:02:15.417 [restartedMain] INFO  com.alibaba.druid.pool.DruidDataSource - {dataSource-4} inited
2019-04-27 22:02:15.576 [restartedMain] INFO  o.s.scheduling.concurrent.ThreadPoolTaskExecutor - Initializing ExecutorService 'applicationTaskExecutor'
2019-04-27 22:02:15.637 [restartedMain] INFO  o.s.b.a.web.servlet.WelcomePageHandlerMapping - Adding welcome page template: index
2019-04-27 22:02:15.819 [restartedMain] INFO  o.s.b.d.autoconfigure.OptionalLiveReloadServer - LiveReload server is running on port 35729
2019-04-27 22:02:15.863 [restartedMain] INFO  org.apache.coyote.http11.Http11NioProtocol - Starting ProtocolHandler ["http-nio-8080"]
2019-04-27 22:02:15.877 [restartedMain] INFO  o.s.boot.web.embedded.tomcat.TomcatWebServer - Tomcat started on port(s): 8080 (http) with context path ''
2019-04-27 22:02:15.877 [restartedMain] INFO  com.floatCloud.loveCloud.LoveLearnApplication - Started LoveLearnApplication in 1.643 seconds (JVM running for 247.139)
2019-04-27 22:02:15.880 [restartedMain] INFO  o.s.b.d.a.ConditionEvaluationDeltaLoggingListener - Condition evaluation unchanged
2019-04-27 22:02:22.566 [Thread-40] INFO  o.s.scheduling.concurrent.ThreadPoolTaskExecutor - Shutting down ExecutorService 'applicationTaskExecutor'
2019-04-27 22:02:22.574 [Thread-40] INFO  com.alibaba.druid.pool.DruidDataSource - {dataSource-4} closed
2019-04-27 22:02:22.936 [restartedMain] INFO  com.floatCloud.loveCloud.LoveLearnApplication - Starting LoveLearnApplication on DESKTOP-ECN1MFC with PID 1248 (C:\java_Baby_Yun\Idea_GitHub_WorkSpace\lovelearn\loveLearn\target\classes started by BaBy_Float in C:\java_Baby_Yun\Idea_GitHub_WorkSpace\lovelearn\loveLearn)
2019-04-27 22:02:22.936 [restartedMain] INFO  com.floatCloud.loveCloud.LoveLearnApplication - No active profile set, falling back to default profiles: default
2019-04-27 22:02:23.425 [restartedMain] INFO  o.s.d.r.config.RepositoryConfigurationDelegate - Multiple Spring Data modules found, entering strict repository configuration mode!
2019-04-27 22:02:23.425 [restartedMain] INFO  o.s.d.r.config.RepositoryConfigurationDelegate - Bootstrapping Spring Data repositories in DEFAULT mode.
2019-04-27 22:02:23.436 [restartedMain] INFO  o.s.d.r.config.RepositoryConfigurationDelegate - Finished Spring Data repository scanning in 11ms. Found 0 repository interfaces.
2019-04-27 22:02:23.535 [restartedMain] INFO  o.s.c.s.PostProcessorRegistrationDelegate$BeanPostProcessorChecker - Bean 'org.springframework.ws.config.annotation.DelegatingWsConfiguration' of type [org.springframework.ws.config.annotation.DelegatingWsConfiguration$$EnhancerBySpringCGLIB$$94130619] is not eligible for getting processed by all BeanPostProcessors (for example: not eligible for auto-proxying)
2019-04-27 22:02:23.537 [restartedMain] INFO  o.s.w.s.a.server.AnnotationActionEndpointMapping - Supporting [WS-Addressing August 2004, WS-Addressing 1.0]
2019-04-27 22:02:23.546 [restartedMain] INFO  o.s.c.s.PostProcessorRegistrationDelegate$BeanPostProcessorChecker - Bean 'org.springframework.transaction.annotation.ProxyTransactionManagementConfiguration' of type [org.springframework.transaction.annotation.ProxyTransactionManagementConfiguration$$EnhancerBySpringCGLIB$$ef7b411a] is not eligible for getting processed by all BeanPostProcessors (for example: not eligible for auto-proxying)
2019-04-27 22:02:23.734 [restartedMain] INFO  o.s.boot.web.embedded.tomcat.TomcatWebServer - Tomcat initialized with port(s): 8080 (http)
2019-04-27 22:02:23.737 [restartedMain] INFO  org.apache.coyote.http11.Http11NioProtocol - Initializing ProtocolHandler ["http-nio-8080"]
2019-04-27 22:02:23.737 [restartedMain] INFO  org.apache.catalina.core.StandardService - Starting service [Tomcat]
2019-04-27 22:02:23.737 [restartedMain] INFO  org.apache.catalina.core.StandardEngine - Starting Servlet engine: [Apache Tomcat/9.0.17]
2019-04-27 22:02:23.789 [restartedMain] INFO  o.a.c.core.ContainerBase.[Tomcat].[localhost].[/] - Initializing Spring embedded WebApplicationContext
2019-04-27 22:02:23.789 [restartedMain] INFO  org.springframework.web.context.ContextLoader - Root WebApplicationContext: initialization completed in 849 ms
2019-04-27 22:02:23.868 [restartedMain] INFO  c.a.d.s.b.a.DruidDataSourceAutoConfigure - Init DruidDataSource
2019-04-27 22:02:23.969 [restartedMain] INFO  com.alibaba.druid.pool.DruidDataSource - {dataSource-5} inited
2019-04-27 22:02:24.114 [restartedMain] INFO  o.s.scheduling.concurrent.ThreadPoolTaskExecutor - Initializing ExecutorService 'applicationTaskExecutor'
2019-04-27 22:02:24.190 [restartedMain] INFO  o.s.b.a.web.servlet.WelcomePageHandlerMapping - Adding welcome page template: index
2019-04-27 22:02:24.394 [restartedMain] INFO  o.s.b.d.autoconfigure.OptionalLiveReloadServer - LiveReload server is running on port 35729
2019-04-27 22:02:24.441 [restartedMain] INFO  org.apache.coyote.http11.Http11NioProtocol - Starting ProtocolHandler ["http-nio-8080"]
2019-04-27 22:02:24.453 [restartedMain] INFO  o.s.boot.web.embedded.tomcat.TomcatWebServer - Tomcat started on port(s): 8080 (http) with context path ''
2019-04-27 22:02:24.454 [restartedMain] INFO  com.floatCloud.loveCloud.LoveLearnApplication - Started LoveLearnApplication in 1.605 seconds (JVM running for 255.716)
2019-04-27 22:02:24.457 [restartedMain] INFO  o.s.b.d.a.ConditionEvaluationDeltaLoggingListener - Condition evaluation unchanged
2019-04-27 22:02:36.429 [Thread-46] INFO  o.s.scheduling.concurrent.ThreadPoolTaskExecutor - Shutting down ExecutorService 'applicationTaskExecutor'
2019-04-27 22:02:36.444 [Thread-46] INFO  com.alibaba.druid.pool.DruidDataSource - {dataSource-5} closed
2019-04-27 22:02:36.793 [restartedMain] INFO  com.floatCloud.loveCloud.LoveLearnApplication - Starting LoveLearnApplication on DESKTOP-ECN1MFC with PID 1248 (C:\java_Baby_Yun\Idea_GitHub_WorkSpace\lovelearn\loveLearn\target\classes started by BaBy_Float in C:\java_Baby_Yun\Idea_GitHub_WorkSpace\lovelearn\loveLearn)
2019-04-27 22:02:36.794 [restartedMain] INFO  com.floatCloud.loveCloud.LoveLearnApplication - No active profile set, falling back to default profiles: default
2019-04-27 22:02:37.358 [restartedMain] INFO  o.s.d.r.config.RepositoryConfigurationDelegate - Multiple Spring Data modules found, entering strict repository configuration mode!
2019-04-27 22:02:37.359 [restartedMain] INFO  o.s.d.r.config.RepositoryConfigurationDelegate - Bootstrapping Spring Data repositories in DEFAULT mode.
2019-04-27 22:02:37.369 [restartedMain] INFO  o.s.d.r.config.RepositoryConfigurationDelegate - Finished Spring Data repository scanning in 10ms. Found 0 repository interfaces.
2019-04-27 22:02:37.454 [restartedMain] INFO  o.s.c.s.PostProcessorRegistrationDelegate$BeanPostProcessorChecker - Bean 'org.springframework.ws.config.annotation.DelegatingWsConfiguration' of type [org.springframework.ws.config.annotation.DelegatingWsConfiguration$$EnhancerBySpringCGLIB$$94130619] is not eligible for getting processed by all BeanPostProcessors (for example: not eligible for auto-proxying)
2019-04-27 22:02:37.456 [restartedMain] INFO  o.s.w.s.a.server.AnnotationActionEndpointMapping - Supporting [WS-Addressing August 2004, WS-Addressing 1.0]
2019-04-27 22:02:37.466 [restartedMain] INFO  o.s.c.s.PostProcessorRegistrationDelegate$BeanPostProcessorChecker - Bean 'org.springframework.transaction.annotation.ProxyTransactionManagementConfiguration' of type [org.springframework.transaction.annotation.ProxyTransactionManagementConfiguration$$EnhancerBySpringCGLIB$$ef7b411a] is not eligible for getting processed by all BeanPostProcessors (for example: not eligible for auto-proxying)
2019-04-27 22:02:37.654 [restartedMain] INFO  o.s.boot.web.embedded.tomcat.TomcatWebServer - Tomcat initialized with port(s): 8080 (http)
2019-04-27 22:02:37.655 [restartedMain] INFO  org.apache.coyote.http11.Http11NioProtocol - Initializing ProtocolHandler ["http-nio-8080"]
2019-04-27 22:02:37.656 [restartedMain] INFO  org.apache.catalina.core.StandardService - Starting service [Tomcat]
2019-04-27 22:02:37.656 [restartedMain] INFO  org.apache.catalina.core.StandardEngine - Starting Servlet engine: [Apache Tomcat/9.0.17]
2019-04-27 22:02:37.703 [restartedMain] INFO  o.a.c.core.ContainerBase.[Tomcat].[localhost].[/] - Initializing Spring embedded WebApplicationContext
2019-04-27 22:02:37.704 [restartedMain] INFO  org.springframework.web.context.ContextLoader - Root WebApplicationContext: initialization completed in 905 ms
2019-04-27 22:02:37.780 [restartedMain] INFO  c.a.d.s.b.a.DruidDataSourceAutoConfigure - Init DruidDataSource
2019-04-27 22:02:37.893 [restartedMain] INFO  com.alibaba.druid.pool.DruidDataSource - {dataSource-6} inited
2019-04-27 22:02:38.053 [restartedMain] INFO  o.s.scheduling.concurrent.ThreadPoolTaskExecutor - Initializing ExecutorService 'applicationTaskExecutor'
2019-04-27 22:02:38.128 [restartedMain] INFO  o.s.b.a.web.servlet.WelcomePageHandlerMapping - Adding welcome page template: index
2019-04-27 22:02:38.402 [restartedMain] INFO  o.s.b.d.autoconfigure.OptionalLiveReloadServer - LiveReload server is running on port 35729
2019-04-27 22:02:38.474 [restartedMain] INFO  org.apache.coyote.http11.Http11NioProtocol - Starting ProtocolHandler ["http-nio-8080"]
2019-04-27 22:02:38.490 [restartedMain] INFO  o.s.boot.web.embedded.tomcat.TomcatWebServer - Tomcat started on port(s): 8080 (http) with context path ''
2019-04-27 22:02:38.491 [restartedMain] INFO  com.floatCloud.loveCloud.LoveLearnApplication - Started LoveLearnApplication in 1.765 seconds (JVM running for 269.752)
2019-04-27 22:02:38.496 [restartedMain] INFO  o.s.b.d.a.ConditionEvaluationDeltaLoggingListener - Condition evaluation unchanged
2019-04-27 22:02:48.156 [Thread-52] INFO  o.s.scheduling.concurrent.ThreadPoolTaskExecutor - Shutting down ExecutorService 'applicationTaskExecutor'
2019-04-27 22:02:48.160 [Thread-52] INFO  com.alibaba.druid.pool.DruidDataSource - {dataSource-6} closed
2019-04-27 22:02:48.479 [restartedMain] INFO  com.floatCloud.loveCloud.LoveLearnApplication - Starting LoveLearnApplication on DESKTOP-ECN1MFC with PID 1248 (C:\java_Baby_Yun\Idea_GitHub_WorkSpace\lovelearn\loveLearn\target\classes started by BaBy_Float in C:\java_Baby_Yun\Idea_GitHub_WorkSpace\lovelearn\loveLearn)
2019-04-27 22:02:48.480 [restartedMain] INFO  com.floatCloud.loveCloud.LoveLearnApplication - No active profile set, falling back to default profiles: default
2019-04-27 22:02:49.042 [restartedMain] INFO  o.s.d.r.config.RepositoryConfigurationDelegate - Multiple Spring Data modules found, entering strict repository configuration mode!
2019-04-27 22:02:49.042 [restartedMain] INFO  o.s.d.r.config.RepositoryConfigurationDelegate - Bootstrapping Spring Data repositories in DEFAULT mode.
2019-04-27 22:02:49.059 [restartedMain] INFO  o.s.d.r.config.RepositoryConfigurationDelegate - Finished Spring Data repository scanning in 15ms. Found 0 repository interfaces.
2019-04-27 22:02:49.223 [restartedMain] INFO  o.s.c.s.PostProcessorRegistrationDelegate$BeanPostProcessorChecker - Bean 'org.springframework.ws.config.annotation.DelegatingWsConfiguration' of type [org.springframework.ws.config.annotation.DelegatingWsConfiguration$$EnhancerBySpringCGLIB$$94130619] is not eligible for getting processed by all BeanPostProcessors (for example: not eligible for auto-proxying)
2019-04-27 22:02:49.225 [restartedMain] INFO  o.s.w.s.a.server.AnnotationActionEndpointMapping - Supporting [WS-Addressing August 2004, WS-Addressing 1.0]
2019-04-27 22:02:49.240 [restartedMain] INFO  o.s.c.s.PostProcessorRegistrationDelegate$BeanPostProcessorChecker - Bean 'org.springframework.transaction.annotation.ProxyTransactionManagementConfiguration' of type [org.springframework.transaction.annotation.ProxyTransactionManagementConfiguration$$EnhancerBySpringCGLIB$$ef7b411a] is not eligible for getting processed by all BeanPostProcessors (for example: not eligible for auto-proxying)
2019-04-27 22:02:49.432 [restartedMain] INFO  o.s.boot.web.embedded.tomcat.TomcatWebServer - Tomcat initialized with port(s): 8080 (http)
2019-04-27 22:02:49.434 [restartedMain] INFO  org.apache.coyote.http11.Http11NioProtocol - Initializing ProtocolHandler ["http-nio-8080"]
2019-04-27 22:02:49.435 [restartedMain] INFO  org.apache.catalina.core.StandardService - Starting service [Tomcat]
2019-04-27 22:02:49.435 [restartedMain] INFO  org.apache.catalina.core.StandardEngine - Starting Servlet engine: [Apache Tomcat/9.0.17]
2019-04-27 22:02:49.484 [restartedMain] INFO  o.a.c.core.ContainerBase.[Tomcat].[localhost].[/] - Initializing Spring embedded WebApplicationContext
2019-04-27 22:02:49.485 [restartedMain] INFO  org.springframework.web.context.ContextLoader - Root WebApplicationContext: initialization completed in 1000 ms
2019-04-27 22:02:49.553 [restartedMain] INFO  c.a.d.s.b.a.DruidDataSourceAutoConfigure - Init DruidDataSource
2019-04-27 22:02:49.675 [restartedMain] INFO  com.alibaba.druid.pool.DruidDataSource - {dataSource-7} inited
2019-04-27 22:02:49.819 [restartedMain] INFO  o.s.scheduling.concurrent.ThreadPoolTaskExecutor - Initializing ExecutorService 'applicationTaskExecutor'
2019-04-27 22:02:49.896 [restartedMain] INFO  o.s.b.a.web.servlet.WelcomePageHandlerMapping - Adding welcome page template: index
2019-04-27 22:02:50.082 [restartedMain] INFO  o.s.b.d.autoconfigure.OptionalLiveReloadServer - LiveReload server is running on port 35729
2019-04-27 22:02:50.127 [restartedMain] INFO  org.apache.coyote.http11.Http11NioProtocol - Starting ProtocolHandler ["http-nio-8080"]
2019-04-27 22:02:50.138 [restartedMain] INFO  o.s.boot.web.embedded.tomcat.TomcatWebServer - Tomcat started on port(s): 8080 (http) with context path ''
2019-04-27 22:02:50.139 [restartedMain] INFO  com.floatCloud.loveCloud.LoveLearnApplication - Started LoveLearnApplication in 1.734 seconds (JVM running for 281.401)
2019-04-27 22:02:50.142 [restartedMain] INFO  o.s.b.d.a.ConditionEvaluationDeltaLoggingListener - Condition evaluation unchanged
2019-04-27 22:02:52.601 [Thread-58] INFO  o.s.scheduling.concurrent.ThreadPoolTaskExecutor - Shutting down ExecutorService 'applicationTaskExecutor'
2019-04-27 22:02:52.622 [Thread-58] INFO  com.alibaba.druid.pool.DruidDataSource - {dataSource-7} closed
2019-04-27 22:02:52.957 [restartedMain] INFO  com.floatCloud.loveCloud.LoveLearnApplication - Starting LoveLearnApplication on DESKTOP-ECN1MFC with PID 1248 (C:\java_Baby_Yun\Idea_GitHub_WorkSpace\lovelearn\loveLearn\target\classes started by BaBy_Float in C:\java_Baby_Yun\Idea_GitHub_WorkSpace\lovelearn\loveLearn)
2019-04-27 22:02:52.958 [restartedMain] INFO  com.floatCloud.loveCloud.LoveLearnApplication - No active profile set, falling back to default profiles: default
2019-04-27 22:02:53.553 [restartedMain] INFO  o.s.d.r.config.RepositoryConfigurationDelegate - Multiple Spring Data modules found, entering strict repository configuration mode!
2019-04-27 22:02:53.553 [restartedMain] INFO  o.s.d.r.config.RepositoryConfigurationDelegate - Bootstrapping Spring Data repositories in DEFAULT mode.
2019-04-27 22:02:53.566 [restartedMain] INFO  o.s.d.r.config.RepositoryConfigurationDelegate - Finished Spring Data repository scanning in 12ms. Found 0 repository interfaces.
2019-04-27 22:02:53.706 [restartedMain] INFO  o.s.c.s.PostProcessorRegistrationDelegate$BeanPostProcessorChecker - Bean 'org.springframework.ws.config.annotation.DelegatingWsConfiguration' of type [org.springframework.ws.config.annotation.DelegatingWsConfiguration$$EnhancerBySpringCGLIB$$94130619] is not eligible for getting processed by all BeanPostProcessors (for example: not eligible for auto-proxying)
2019-04-27 22:02:53.710 [restartedMain] INFO  o.s.w.s.a.server.AnnotationActionEndpointMapping - Supporting [WS-Addressing August 2004, WS-Addressing 1.0]
2019-04-27 22:02:53.725 [restartedMain] INFO  o.s.c.s.PostProcessorRegistrationDelegate$BeanPostProcessorChecker - Bean 'org.springframework.transaction.annotation.ProxyTransactionManagementConfiguration' of type [org.springframework.transaction.annotation.ProxyTransactionManagementConfiguration$$EnhancerBySpringCGLIB$$ef7b411a] is not eligible for getting processed by all BeanPostProcessors (for example: not eligible for auto-proxying)
2019-04-27 22:02:53.939 [restartedMain] INFO  o.s.boot.web.embedded.tomcat.TomcatWebServer - Tomcat initialized with port(s): 8080 (http)
2019-04-27 22:02:53.942 [restartedMain] INFO  org.apache.coyote.http11.Http11NioProtocol - Initializing ProtocolHandler ["http-nio-8080"]
2019-04-27 22:02:53.942 [restartedMain] INFO  org.apache.catalina.core.StandardService - Starting service [Tomcat]
2019-04-27 22:02:53.943 [restartedMain] INFO  org.apache.catalina.core.StandardEngine - Starting Servlet engine: [Apache Tomcat/9.0.17]
2019-04-27 22:02:53.998 [restartedMain] INFO  o.a.c.core.ContainerBase.[Tomcat].[localhost].[/] - Initializing Spring embedded WebApplicationContext
2019-04-27 22:02:53.999 [restartedMain] INFO  org.springframework.web.context.ContextLoader - Root WebApplicationContext: initialization completed in 1035 ms
2019-04-27 22:02:54.081 [restartedMain] INFO  c.a.d.s.b.a.DruidDataSourceAutoConfigure - Init DruidDataSource
2019-04-27 22:02:54.222 [restartedMain] INFO  com.alibaba.druid.pool.DruidDataSource - {dataSource-8} inited
2019-04-27 22:02:54.376 [restartedMain] INFO  o.s.scheduling.concurrent.ThreadPoolTaskExecutor - Initializing ExecutorService 'applicationTaskExecutor'
2019-04-27 22:02:54.442 [restartedMain] INFO  o.s.b.a.web.servlet.WelcomePageHandlerMapping - Adding welcome page template: index
2019-04-27 22:02:54.672 [restartedMain] INFO  o.s.b.d.autoconfigure.OptionalLiveReloadServer - LiveReload server is running on port 35729
2019-04-27 22:02:54.721 [restartedMain] INFO  org.apache.coyote.http11.Http11NioProtocol - Starting ProtocolHandler ["http-nio-8080"]
2019-04-27 22:02:54.733 [restartedMain] INFO  o.s.boot.web.embedded.tomcat.TomcatWebServer - Tomcat started on port(s): 8080 (http) with context path ''
2019-04-27 22:02:54.734 [restartedMain] INFO  com.floatCloud.loveCloud.LoveLearnApplication - Started LoveLearnApplication in 1.85 seconds (JVM running for 285.995)
2019-04-27 22:02:54.737 [restartedMain] INFO  o.s.b.d.a.ConditionEvaluationDeltaLoggingListener - Condition evaluation unchanged
2019-04-27 22:02:58.246 [Thread-64] INFO  o.s.scheduling.concurrent.ThreadPoolTaskExecutor - Shutting down ExecutorService 'applicationTaskExecutor'
2019-04-27 22:02:58.255 [Thread-64] INFO  com.alibaba.druid.pool.DruidDataSource - {dataSource-8} closed
2019-04-27 22:02:58.569 [restartedMain] INFO  com.floatCloud.loveCloud.LoveLearnApplication - Starting LoveLearnApplication on DESKTOP-ECN1MFC with PID 1248 (C:\java_Baby_Yun\Idea_GitHub_WorkSpace\lovelearn\loveLearn\target\classes started by BaBy_Float in C:\java_Baby_Yun\Idea_GitHub_WorkSpace\lovelearn\loveLearn)
2019-04-27 22:02:58.570 [restartedMain] INFO  com.floatCloud.loveCloud.LoveLearnApplication - No active profile set, falling back to default profiles: default
2019-04-27 22:02:59.133 [restartedMain] INFO  o.s.d.r.config.RepositoryConfigurationDelegate - Multiple Spring Data modules found, entering strict repository configuration mode!
2019-04-27 22:02:59.134 [restartedMain] INFO  o.s.d.r.config.RepositoryConfigurationDelegate - Bootstrapping Spring Data repositories in DEFAULT mode.
2019-04-27 22:02:59.144 [restartedMain] INFO  o.s.d.r.config.RepositoryConfigurationDelegate - Finished Spring Data repository scanning in 10ms. Found 0 repository interfaces.
2019-04-27 22:02:59.240 [restartedMain] INFO  o.s.c.s.PostProcessorRegistrationDelegate$BeanPostProcessorChecker - Bean 'org.springframework.ws.config.annotation.DelegatingWsConfiguration' of type [org.springframework.ws.config.annotation.DelegatingWsConfiguration$$EnhancerBySpringCGLIB$$94130619] is not eligible for getting processed by all BeanPostProcessors (for example: not eligible for auto-proxying)
2019-04-27 22:02:59.241 [restartedMain] INFO  o.s.w.s.a.server.AnnotationActionEndpointMapping - Supporting [WS-Addressing August 2004, WS-Addressing 1.0]
2019-04-27 22:02:59.250 [restartedMain] INFO  o.s.c.s.PostProcessorRegistrationDelegate$BeanPostProcessorChecker - Bean 'org.springframework.transaction.annotation.ProxyTransactionManagementConfiguration' of type [org.springframework.transaction.annotation.ProxyTransactionManagementConfiguration$$EnhancerBySpringCGLIB$$ef7b411a] is not eligible for getting processed by all BeanPostProcessors (for example: not eligible for auto-proxying)
2019-04-27 22:02:59.431 [restartedMain] INFO  o.s.boot.web.embedded.tomcat.TomcatWebServer - Tomcat initialized with port(s): 8080 (http)
2019-04-27 22:02:59.434 [restartedMain] INFO  org.apache.coyote.http11.Http11NioProtocol - Initializing ProtocolHandler ["http-nio-8080"]
2019-04-27 22:02:59.434 [restartedMain] INFO  org.apache.catalina.core.StandardService - Starting service [Tomcat]
2019-04-27 22:02:59.434 [restartedMain] INFO  org.apache.catalina.core.StandardEngine - Starting Servlet engine: [Apache Tomcat/9.0.17]
2019-04-27 22:02:59.494 [restartedMain] INFO  o.a.c.core.ContainerBase.[Tomcat].[localhost].[/] - Initializing Spring embedded WebApplicationContext
2019-04-27 22:02:59.494 [restartedMain] INFO  org.springframework.web.context.ContextLoader - Root WebApplicationContext: initialization completed in 920 ms
2019-04-27 22:02:59.584 [restartedMain] INFO  c.a.d.s.b.a.DruidDataSourceAutoConfigure - Init DruidDataSource
2019-04-27 22:02:59.702 [restartedMain] INFO  com.alibaba.druid.pool.DruidDataSource - {dataSource-9} inited
2019-04-27 22:02:59.868 [restartedMain] INFO  o.s.scheduling.concurrent.ThreadPoolTaskExecutor - Initializing ExecutorService 'applicationTaskExecutor'
2019-04-27 22:02:59.936 [restartedMain] INFO  o.s.b.a.web.servlet.WelcomePageHandlerMapping - Adding welcome page template: index
2019-04-27 22:03:00.159 [restartedMain] INFO  o.s.b.d.autoconfigure.OptionalLiveReloadServer - LiveReload server is running on port 35729
2019-04-27 22:03:00.201 [restartedMain] INFO  org.apache.coyote.http11.Http11NioProtocol - Starting ProtocolHandler ["http-nio-8080"]
2019-04-27 22:03:00.212 [restartedMain] INFO  o.s.boot.web.embedded.tomcat.TomcatWebServer - Tomcat started on port(s): 8080 (http) with context path ''
2019-04-27 22:03:00.213 [restartedMain] INFO  com.floatCloud.loveCloud.LoveLearnApplication - Started LoveLearnApplication in 1.711 seconds (JVM running for 291.475)
2019-04-27 22:03:00.216 [restartedMain] INFO  o.s.b.d.a.ConditionEvaluationDeltaLoggingListener - Condition evaluation unchanged
2019-04-27 22:03:36.141 [Thread-70] INFO  o.s.scheduling.concurrent.ThreadPoolTaskExecutor - Shutting down ExecutorService 'applicationTaskExecutor'
2019-04-27 22:03:36.149 [Thread-70] INFO  com.alibaba.druid.pool.DruidDataSource - {dataSource-9} closed
